[debug] [2020-06-14T15:05:19.821Z] ----------------------------------------------------------------------
[debug] [2020-06-14T15:05:19.823Z] Command:       /usr/local/bin/node /usr/local/bin/firebase serve --only functions
[debug] [2020-06-14T15:05:19.823Z] CLI Version:   8.4.2
[debug] [2020-06-14T15:05:19.823Z] Platform:      linux
[debug] [2020-06-14T15:05:19.823Z] Node Version:  v12.17.0
[debug] [2020-06-14T15:05:19.824Z] Time:          Sun Jun 14 2020 23:05:19 GMT+0800 (Ulaanbaatar Standard Time)
[debug] [2020-06-14T15:05:19.824Z] ----------------------------------------------------------------------
[debug] [2020-06-14T15:05:19.824Z] 
[debug] [2020-06-14T15:05:19.831Z] > command requires scopes: ["email","openid","https://www.googleapis.com/auth/cloudplatformprojects.readonly","https://www.googleapis.com/auth/firebase","https://www.googleapis.com/auth/cloud-platform"]
[debug] [2020-06-14T15:05:19.831Z] > authorizing via signed-in user
[debug] [2020-06-14T15:05:19.831Z] [iam] checking project nomt-academy for permissions ["firebase.projects.get"]
[debug] [2020-06-14T15:05:19.834Z] >>> HTTP REQUEST POST https://cloudresourcemanager.googleapis.com/v1/projects/nomt-academy:testIamPermissions  
 {"permissions":["firebase.projects.get"]}
[debug] [2020-06-14T15:05:20.860Z] <<< HTTP RESPONSE 200 {"content-type":"application/json; charset=UTF-8","vary":"X-Origin, Referer, Origin,Accept-Encoding","date":"Sun, 14 Jun 2020 15:05:20 GMT","server":"ESF","cache-control":"private","x-xss-protection":"0","x-frame-options":"SAMEORIGIN","x-content-type-options":"nosniff","server-timing":"gfet4t7; dur=814","alt-svc":"h3-27=\":443\"; ma=2592000,h3-25=\":443\"; ma=2592000,h3-T050=\":443\"; ma=2592000,h3-Q050=\":443\"; ma=2592000,h3-Q049=\":443\"; ma=2592000,h3-Q048=\":443\"; ma=2592000,h3-Q046=\":443\"; ma=2592000,h3-Q043=\":443\"; ma=2592000,quic=\":443\"; ma=2592000; v=\"46,43\"","accept-ranges":"none","transfer-encoding":"chunked"}
[debug] [2020-06-14T15:05:20.862Z] >>> HTTP REQUEST GET https://firebase.googleapis.com/v1beta1/projects/nomt-academy  
 
[debug] [2020-06-14T15:05:21.608Z] <<< HTTP RESPONSE 200 {"content-type":"application/json; charset=UTF-8","vary":"X-Origin, Referer, Origin,Accept-Encoding","date":"Sun, 14 Jun 2020 15:05:21 GMT","server":"ESF","cache-control":"private","x-xss-protection":"0","x-frame-options":"SAMEORIGIN","x-content-type-options":"nosniff","alt-svc":"h3-27=\":443\"; ma=2592000,h3-25=\":443\"; ma=2592000,h3-T050=\":443\"; ma=2592000,h3-Q050=\":443\"; ma=2592000,h3-Q049=\":443\"; ma=2592000,h3-Q048=\":443\"; ma=2592000,h3-Q046=\":443\"; ma=2592000,h3-Q043=\":443\"; ma=2592000,quic=\":443\"; ma=2592000; v=\"46,43\"","accept-ranges":"none","transfer-encoding":"chunked"}
[warn] ⚠  Your requested "node" version "10" doesn't match your global version "12" {"metadata":{"emulator":{"name":"functions"},"message":"Your requested \"node\" version \"10\" doesn't match your global version \"12\""}}
[info] i  functions: Watching "/home/soulforger/Dev/Project/NOMT-ONLINE-ACADEMY/functions" for Cloud Functions... {"metadata":{"emulator":{"name":"functions"},"message":"Watching \"/home/soulforger/Dev/Project/NOMT-ONLINE-ACADEMY/functions\" for Cloud Functions..."}}
[debug] [2020-06-14T15:05:21.650Z] [worker-pool] addWorker(~diagnostic~) {"metadata":{"emulator":{"name":"functions"},"message":"[worker-pool] addWorker(~diagnostic~)"}}
[debug] [2020-06-14T15:05:21.651Z] [worker-pool] Adding worker with key ~diagnostic~, total=1 {"metadata":{"emulator":{"name":"functions"},"message":"[worker-pool] Adding worker with key ~diagnostic~, total=1"}}
[debug] [2020-06-14T15:05:21.651Z] [worker-pool] submitWork(triggerId=) {"metadata":{"emulator":{"name":"functions"},"message":"[worker-pool] submitWork(triggerId=)"}}
[debug] [2020-06-14T15:05:21.651Z] [worker-~diagnostic~-15a84370-faf9-44b9-8886-8eb93fe58e42]: Assigning socketPath: /tmp/fire_emu_37128.sock {"metadata":{"emulator":{"name":"functions"},"message":"[worker-~diagnostic~-15a84370-faf9-44b9-8886-8eb93fe58e42]: Assigning socketPath: /tmp/fire_emu_37128.sock"}}
[debug] [2020-06-14T15:05:21.652Z] [worker-~diagnostic~-15a84370-faf9-44b9-8886-8eb93fe58e42]: BUSY {"metadata":{"emulator":{"name":"functions"},"message":"[worker-~diagnostic~-15a84370-faf9-44b9-8886-8eb93fe58e42]: BUSY"}}
[debug] [2020-06-14T15:05:21.928Z] [runtime-status] [37128] Functions runtime initialized. {"cwd":"/home/soulforger/Dev/Project/NOMT-ONLINE-ACADEMY/functions","node_version":"12.17.0"} {"metadata":{"emulator":{"name":"functions"},"message":"[runtime-status] [37128] Functions runtime initialized. {\"cwd\":\"/home/soulforger/Dev/Project/NOMT-ONLINE-ACADEMY/functions\",\"node_version\":\"12.17.0\"}"}}
[debug] [2020-06-14T15:05:21.929Z] [runtime-status] [37128] Disabled runtime features: undefined {"metadata":{"emulator":{"name":"functions"},"message":"[runtime-status] [37128] Disabled runtime features: undefined"}}
[debug] [2020-06-14T15:05:21.931Z] [runtime-status] [37128] Resolved module firebase-admin {"declared":true,"installed":true,"version":"8.12.1","resolution":"/home/soulforger/Dev/Project/NOMT-ONLINE-ACADEMY/functions/node_modules/firebase-admin/lib/index.js"} {"metadata":{"emulator":{"name":"functions"},"message":"[runtime-status] [37128] Resolved module firebase-admin {\"declared\":true,\"installed\":true,\"version\":\"8.12.1\",\"resolution\":\"/home/soulforger/Dev/Project/NOMT-ONLINE-ACADEMY/functions/node_modules/firebase-admin/lib/index.js\"}"}}
[debug] [2020-06-14T15:05:21.932Z] [runtime-status] [37128] Resolved module firebase-functions {"declared":true,"installed":true,"version":"3.6.2","resolution":"/home/soulforger/Dev/Project/NOMT-ONLINE-ACADEMY/functions/node_modules/firebase-functions/lib/index.js"} {"metadata":{"emulator":{"name":"functions"},"message":"[runtime-status] [37128] Resolved module firebase-functions {\"declared\":true,\"installed\":true,\"version\":\"3.6.2\",\"resolution\":\"/home/soulforger/Dev/Project/NOMT-ONLINE-ACADEMY/functions/node_modules/firebase-functions/lib/index.js\"}"}}
[warn] ⚠  functions: Your GOOGLE_APPLICATION_CREDENTIALS environment variable points to /home/soulforger/Dev/Project/NOMT-ONLINE-ACADEMY/functions/nomt-academy-4cf243b89ae6.json. Non-emulated services will access production using these credentials. Be careful! {"metadata":{"emulator":{"name":"functions"},"message":"Your GOOGLE_APPLICATION_CREDENTIALS environment variable points to /home/soulforger/Dev/Project/NOMT-ONLINE-ACADEMY/functions/nomt-academy-4cf243b89ae6.json. Non-emulated services will access production using these credentials. Be careful!"}}
[debug] [2020-06-14T15:05:21.934Z] [runtime-status] [37128] Outgoing network have been stubbed. [{"name":"http","status":"mocked"},{"name":"http","status":"mocked"},{"name":"https","status":"mocked"},{"name":"https","status":"mocked"},{"name":"net","status":"mocked"}] {"metadata":{"emulator":{"name":"functions"},"message":"[runtime-status] [37128] Outgoing network have been stubbed. [{\"name\":\"http\",\"status\":\"mocked\"},{\"name\":\"http\",\"status\":\"mocked\"},{\"name\":\"https\",\"status\":\"mocked\"},{\"name\":\"https\",\"status\":\"mocked\"},{\"name\":\"net\",\"status\":\"mocked\"}]"}}
[debug] [2020-06-14T15:05:21.935Z] [runtime-status] [37128] Resolved module firebase-functions {"declared":true,"installed":true,"version":"3.6.2","resolution":"/home/soulforger/Dev/Project/NOMT-ONLINE-ACADEMY/functions/node_modules/firebase-functions/lib/index.js"} {"metadata":{"emulator":{"name":"functions"},"message":"[runtime-status] [37128] Resolved module firebase-functions {\"declared\":true,\"installed\":true,\"version\":\"3.6.2\",\"resolution\":\"/home/soulforger/Dev/Project/NOMT-ONLINE-ACADEMY/functions/node_modules/firebase-functions/lib/index.js\"}"}}
[debug] [2020-06-14T15:05:21.968Z] [runtime-status] [37128] Checked functions.config() {"config":{}} {"metadata":{"emulator":{"name":"functions"},"message":"[runtime-status] [37128] Checked functions.config() {\"config\":{}}"}}
[debug] [2020-06-14T15:05:21.969Z] [runtime-status] [37128] firebase-functions has been stubbed. {"functionsResolution":{"declared":true,"installed":true,"version":"3.6.2","resolution":"/home/soulforger/Dev/Project/NOMT-ONLINE-ACADEMY/functions/node_modules/firebase-functions/lib/index.js"}} {"metadata":{"emulator":{"name":"functions"},"message":"[runtime-status] [37128] firebase-functions has been stubbed. {\"functionsResolution\":{\"declared\":true,\"installed\":true,\"version\":\"3.6.2\",\"resolution\":\"/home/soulforger/Dev/Project/NOMT-ONLINE-ACADEMY/functions/node_modules/firebase-functions/lib/index.js\"}}"}}
[debug] [2020-06-14T15:05:21.969Z] [runtime-status] [37128] Resolved module firebase-functions {"declared":true,"installed":true,"version":"3.6.2","resolution":"/home/soulforger/Dev/Project/NOMT-ONLINE-ACADEMY/functions/node_modules/firebase-functions/lib/index.js"} {"metadata":{"emulator":{"name":"functions"},"message":"[runtime-status] [37128] Resolved module firebase-functions {\"declared\":true,\"installed\":true,\"version\":\"3.6.2\",\"resolution\":\"/home/soulforger/Dev/Project/NOMT-ONLINE-ACADEMY/functions/node_modules/firebase-functions/lib/index.js\"}"}}
[debug] [2020-06-14T15:05:21.970Z] [runtime-status] [37128] Resolved module firebase-admin {"declared":true,"installed":true,"version":"8.12.1","resolution":"/home/soulforger/Dev/Project/NOMT-ONLINE-ACADEMY/functions/node_modules/firebase-admin/lib/index.js"} {"metadata":{"emulator":{"name":"functions"},"message":"[runtime-status] [37128] Resolved module firebase-admin {\"declared\":true,\"installed\":true,\"version\":\"8.12.1\",\"resolution\":\"/home/soulforger/Dev/Project/NOMT-ONLINE-ACADEMY/functions/node_modules/firebase-admin/lib/index.js\"}"}}
[debug] [2020-06-14T15:05:21.970Z] [runtime-status] [37128] Resolved module firebase-functions {"declared":true,"installed":true,"version":"3.6.2","resolution":"/home/soulforger/Dev/Project/NOMT-ONLINE-ACADEMY/functions/node_modules/firebase-functions/lib/index.js"} {"metadata":{"emulator":{"name":"functions"},"message":"[runtime-status] [37128] Resolved module firebase-functions {\"declared\":true,\"installed\":true,\"version\":\"3.6.2\",\"resolution\":\"/home/soulforger/Dev/Project/NOMT-ONLINE-ACADEMY/functions/node_modules/firebase-functions/lib/index.js\"}"}}
[debug] [2020-06-14T15:05:21.971Z] [runtime-status] [37128] firebase-admin has been stubbed. {"adminResolution":{"declared":true,"installed":true,"version":"8.12.1","resolution":"/home/soulforger/Dev/Project/NOMT-ONLINE-ACADEMY/functions/node_modules/firebase-admin/lib/index.js"}} {"metadata":{"emulator":{"name":"functions"},"message":"[runtime-status] [37128] firebase-admin has been stubbed. {\"adminResolution\":{\"declared\":true,\"installed\":true,\"version\":\"8.12.1\",\"resolution\":\"/home/soulforger/Dev/Project/NOMT-ONLINE-ACADEMY/functions/node_modules/firebase-admin/lib/index.js\"}}"}}
[warn] ⚠  It looks like you're trying to access functions.config().firebase but there is no value there. You can learn more about setting up config here: https://firebase.google.com/docs/functions/local-emulator {"metadata":{"emulator":{"name":"functions"},"message":"It looks like you're trying to access functions.config().firebase but there is no value there. You can learn more about setting up config here: https://firebase.google.com/docs/functions/local-emulator"}}
[debug] [2020-06-14T15:05:22.007Z] [runtime-status] [37128] initializeApp(DEFAULT) {"databaseURL":"https://nomt-academy.firebaseio.com","storageBucket":"nomt-academy.appspot.com","projectId":"nomt-academy"} {"metadata":{"emulator":{"name":"functions"},"message":"[runtime-status] [37128] initializeApp(DEFAULT) {\"databaseURL\":\"https://nomt-academy.firebaseio.com\",\"storageBucket\":\"nomt-academy.appspot.com\",\"projectId\":\"nomt-academy\"}"}}
[warn] ⚠  functions: The Cloud Firestore emulator is not running, so calls to Firestore will affect production. {"metadata":{"emulator":{"name":"functions"},"message":"The Cloud Firestore emulator is not running, so calls to Firestore will affect production."}}
[info] ✔  functions[app]: http function initialized (http://localhost:5000/nomt-academy/us-central1/app). {"metadata":{"emulator":{"name":"functions"},"message":"\u001b[1mhttp\u001b[22m function initialized (http://localhost:5000/nomt-academy/us-central1/app)."}}
[info] ✔  functions[randomNumber]: http function initialized (http://localhost:5000/nomt-academy/us-central1/randomNumber). {"metadata":{"emulator":{"name":"functions"},"message":"\u001b[1mhttp\u001b[22m function initialized (http://localhost:5000/nomt-academy/us-central1/randomNumber)."}}
[info] ✔  functions[hello]: http function initialized (http://localhost:5000/nomt-academy/us-central1/hello). {"metadata":{"emulator":{"name":"functions"},"message":"\u001b[1mhttp\u001b[22m function initialized (http://localhost:5000/nomt-academy/us-central1/hello)."}}
[debug] [2020-06-14T15:05:22.216Z] [worker-~diagnostic~-15a84370-faf9-44b9-8886-8eb93fe58e42]: IDLE {"metadata":{"emulator":{"name":"functions"},"message":"[worker-~diagnostic~-15a84370-faf9-44b9-8886-8eb93fe58e42]: IDLE"}}
[debug] [2020-06-14T15:05:25.063Z] [work-queue] {"queueLength":1,"workRunningCount":0}
[debug] [2020-06-14T15:05:25.064Z] [work-queue] {"queueLength":0,"workRunningCount":1}
[debug] [2020-06-14T15:05:25.065Z] Accepted request GET /nomt-academy/us-central1/app --> app
[debug] [2020-06-14T15:05:25.071Z] [worker-pool] addWorker(app) {"metadata":{"emulator":{"name":"functions"},"message":"[worker-pool] addWorker(app)"}}
[debug] [2020-06-14T15:05:25.072Z] [worker-pool] Adding worker with key app, total=1 {"metadata":{"emulator":{"name":"functions"},"message":"[worker-pool] Adding worker with key app, total=1"}}
[debug] [2020-06-14T15:05:25.072Z] [worker-pool] submitWork(triggerId=app) {"metadata":{"emulator":{"name":"functions"},"message":"[worker-pool] submitWork(triggerId=app)"}}
[debug] [2020-06-14T15:05:25.072Z] [worker-app-8190b7d1-97fa-42a2-b7a4-10c0beb0f45c]: Assigning socketPath: /tmp/fire_emu_37200.sock {"metadata":{"emulator":{"name":"functions"},"message":"[worker-app-8190b7d1-97fa-42a2-b7a4-10c0beb0f45c]: Assigning socketPath: /tmp/fire_emu_37200.sock"}}
[debug] [2020-06-14T15:05:25.072Z] [worker-app-8190b7d1-97fa-42a2-b7a4-10c0beb0f45c]: BUSY {"metadata":{"emulator":{"name":"functions"},"message":"[worker-app-8190b7d1-97fa-42a2-b7a4-10c0beb0f45c]: BUSY"}}
[debug] [2020-06-14T15:05:25.379Z] [runtime-status] [37200] Functions runtime initialized. {"cwd":"/home/soulforger/Dev/Project/NOMT-ONLINE-ACADEMY/functions","node_version":"12.17.0"} {"metadata":{"emulator":{"name":"functions"},"function":{"name":"app"},"message":"[runtime-status] [37200] Functions runtime initialized. {\"cwd\":\"/home/soulforger/Dev/Project/NOMT-ONLINE-ACADEMY/functions\",\"node_version\":\"12.17.0\"}"}}
[debug] [2020-06-14T15:05:25.381Z] [runtime-status] [37200] Disabled runtime features: undefined {"metadata":{"emulator":{"name":"functions"},"function":{"name":"app"},"message":"[runtime-status] [37200] Disabled runtime features: undefined"}}
[debug] [2020-06-14T15:05:25.383Z] [runtime-status] [37200] Resolved module firebase-admin {"declared":true,"installed":true,"version":"8.12.1","resolution":"/home/soulforger/Dev/Project/NOMT-ONLINE-ACADEMY/functions/node_modules/firebase-admin/lib/index.js"} {"metadata":{"emulator":{"name":"functions"},"function":{"name":"app"},"message":"[runtime-status] [37200] Resolved module firebase-admin {\"declared\":true,\"installed\":true,\"version\":\"8.12.1\",\"resolution\":\"/home/soulforger/Dev/Project/NOMT-ONLINE-ACADEMY/functions/node_modules/firebase-admin/lib/index.js\"}"}}
[debug] [2020-06-14T15:05:25.384Z] [runtime-status] [37200] Resolved module firebase-functions {"declared":true,"installed":true,"version":"3.6.2","resolution":"/home/soulforger/Dev/Project/NOMT-ONLINE-ACADEMY/functions/node_modules/firebase-functions/lib/index.js"} {"metadata":{"emulator":{"name":"functions"},"function":{"name":"app"},"message":"[runtime-status] [37200] Resolved module firebase-functions {\"declared\":true,\"installed\":true,\"version\":\"3.6.2\",\"resolution\":\"/home/soulforger/Dev/Project/NOMT-ONLINE-ACADEMY/functions/node_modules/firebase-functions/lib/index.js\"}"}}
[warn] ⚠  functions: Your GOOGLE_APPLICATION_CREDENTIALS environment variable points to /home/soulforger/Dev/Project/NOMT-ONLINE-ACADEMY/functions/nomt-academy-4cf243b89ae6.json. Non-emulated services will access production using these credentials. Be careful! {"metadata":{"emulator":{"name":"functions"},"function":{"name":"app"},"message":"Your GOOGLE_APPLICATION_CREDENTIALS environment variable points to /home/soulforger/Dev/Project/NOMT-ONLINE-ACADEMY/functions/nomt-academy-4cf243b89ae6.json. Non-emulated services will access production using these credentials. Be careful!"}}
[debug] [2020-06-14T15:05:25.386Z] [runtime-status] [37200] Outgoing network have been stubbed. [{"name":"http","status":"mocked"},{"name":"http","status":"mocked"},{"name":"https","status":"mocked"},{"name":"https","status":"mocked"},{"name":"net","status":"mocked"}] {"metadata":{"emulator":{"name":"functions"},"function":{"name":"app"},"message":"[runtime-status] [37200] Outgoing network have been stubbed. [{\"name\":\"http\",\"status\":\"mocked\"},{\"name\":\"http\",\"status\":\"mocked\"},{\"name\":\"https\",\"status\":\"mocked\"},{\"name\":\"https\",\"status\":\"mocked\"},{\"name\":\"net\",\"status\":\"mocked\"}]"}}
[debug] [2020-06-14T15:05:25.387Z] [runtime-status] [37200] Resolved module firebase-functions {"declared":true,"installed":true,"version":"3.6.2","resolution":"/home/soulforger/Dev/Project/NOMT-ONLINE-ACADEMY/functions/node_modules/firebase-functions/lib/index.js"} {"metadata":{"emulator":{"name":"functions"},"function":{"name":"app"},"message":"[runtime-status] [37200] Resolved module firebase-functions {\"declared\":true,\"installed\":true,\"version\":\"3.6.2\",\"resolution\":\"/home/soulforger/Dev/Project/NOMT-ONLINE-ACADEMY/functions/node_modules/firebase-functions/lib/index.js\"}"}}
[debug] [2020-06-14T15:05:25.424Z] [runtime-status] [37200] Checked functions.config() {"config":{}} {"metadata":{"emulator":{"name":"functions"},"function":{"name":"app"},"message":"[runtime-status] [37200] Checked functions.config() {\"config\":{}}"}}
[debug] [2020-06-14T15:05:25.425Z] [runtime-status] [37200] firebase-functions has been stubbed. {"functionsResolution":{"declared":true,"installed":true,"version":"3.6.2","resolution":"/home/soulforger/Dev/Project/NOMT-ONLINE-ACADEMY/functions/node_modules/firebase-functions/lib/index.js"}} {"metadata":{"emulator":{"name":"functions"},"function":{"name":"app"},"message":"[runtime-status] [37200] firebase-functions has been stubbed. {\"functionsResolution\":{\"declared\":true,\"installed\":true,\"version\":\"3.6.2\",\"resolution\":\"/home/soulforger/Dev/Project/NOMT-ONLINE-ACADEMY/functions/node_modules/firebase-functions/lib/index.js\"}}"}}
[debug] [2020-06-14T15:05:25.425Z] [runtime-status] [37200] Resolved module firebase-functions {"declared":true,"installed":true,"version":"3.6.2","resolution":"/home/soulforger/Dev/Project/NOMT-ONLINE-ACADEMY/functions/node_modules/firebase-functions/lib/index.js"} {"metadata":{"emulator":{"name":"functions"},"function":{"name":"app"},"message":"[runtime-status] [37200] Resolved module firebase-functions {\"declared\":true,\"installed\":true,\"version\":\"3.6.2\",\"resolution\":\"/home/soulforger/Dev/Project/NOMT-ONLINE-ACADEMY/functions/node_modules/firebase-functions/lib/index.js\"}"}}
[debug] [2020-06-14T15:05:25.426Z] [runtime-status] [37200] Resolved module firebase-admin {"declared":true,"installed":true,"version":"8.12.1","resolution":"/home/soulforger/Dev/Project/NOMT-ONLINE-ACADEMY/functions/node_modules/firebase-admin/lib/index.js"} {"metadata":{"emulator":{"name":"functions"},"function":{"name":"app"},"message":"[runtime-status] [37200] Resolved module firebase-admin {\"declared\":true,\"installed\":true,\"version\":\"8.12.1\",\"resolution\":\"/home/soulforger/Dev/Project/NOMT-ONLINE-ACADEMY/functions/node_modules/firebase-admin/lib/index.js\"}"}}
[debug] [2020-06-14T15:05:25.426Z] [runtime-status] [37200] Resolved module firebase-functions {"declared":true,"installed":true,"version":"3.6.2","resolution":"/home/soulforger/Dev/Project/NOMT-ONLINE-ACADEMY/functions/node_modules/firebase-functions/lib/index.js"} {"metadata":{"emulator":{"name":"functions"},"function":{"name":"app"},"message":"[runtime-status] [37200] Resolved module firebase-functions {\"declared\":true,\"installed\":true,\"version\":\"3.6.2\",\"resolution\":\"/home/soulforger/Dev/Project/NOMT-ONLINE-ACADEMY/functions/node_modules/firebase-functions/lib/index.js\"}"}}
[debug] [2020-06-14T15:05:25.427Z] [runtime-status] [37200] firebase-admin has been stubbed. {"adminResolution":{"declared":true,"installed":true,"version":"8.12.1","resolution":"/home/soulforger/Dev/Project/NOMT-ONLINE-ACADEMY/functions/node_modules/firebase-admin/lib/index.js"}} {"metadata":{"emulator":{"name":"functions"},"function":{"name":"app"},"message":"[runtime-status] [37200] firebase-admin has been stubbed. {\"adminResolution\":{\"declared\":true,\"installed\":true,\"version\":\"8.12.1\",\"resolution\":\"/home/soulforger/Dev/Project/NOMT-ONLINE-ACADEMY/functions/node_modules/firebase-admin/lib/index.js\"}}"}}
[debug] [2020-06-14T15:05:25.468Z] [runtime-status] [37200] initializeApp(DEFAULT) {"databaseURL":"https://nomt-academy.firebaseio.com","storageBucket":"nomt-academy.appspot.com","projectId":"nomt-academy"} {"metadata":{"emulator":{"name":"functions"},"function":{"name":"app"},"message":"[runtime-status] [37200] initializeApp(DEFAULT) {\"databaseURL\":\"https://nomt-academy.firebaseio.com\",\"storageBucket\":\"nomt-academy.appspot.com\",\"projectId\":\"nomt-academy\"}"}}
[warn] ⚠  functions: The Cloud Firestore emulator is not running, so calls to Firestore will affect production. {"metadata":{"emulator":{"name":"functions"},"function":{"name":"app"},"message":"The Cloud Firestore emulator is not running, so calls to Firestore will affect production."}}
[debug] [2020-06-14T15:05:25.696Z] [runtime-status] [37200] Trigger "app" has been found, beginning invocation! {"metadata":{"emulator":{"name":"functions"},"function":{"name":"app"},"message":"[runtime-status] [37200] Trigger \"app\" has been found, beginning invocation!"}}
[info] i  functions: Beginning execution of "app" {"metadata":{"emulator":{"name":"functions"},"function":{"name":"app"},"message":"Beginning execution of \"app\""}}
[debug] [2020-06-14T15:05:25.697Z] [runtime-status] [37200] triggerDefinition {"httpsTrigger":{},"name":"app","entryPoint":"app"} {"metadata":{"emulator":{"name":"functions"},"function":{"name":"app"},"message":"[runtime-status] [37200] triggerDefinition {\"httpsTrigger\":{},\"name\":\"app\",\"entryPoint\":\"app\"}"}}
[debug] [2020-06-14T15:05:25.697Z] [runtime-status] [37200] Running app in mode HTTPS {"metadata":{"emulator":{"name":"functions"},"function":{"name":"app"},"message":"[runtime-status] [37200] Running app in mode HTTPS"}}
[debug] [2020-06-14T15:05:25.700Z] [runtime-status] [37200] Attempting to listen to socketPath: /tmp/fire_emu_37200.sock {"metadata":{"emulator":{"name":"functions"},"function":{"name":"app"},"message":"[runtime-status] [37200] Attempting to listen to socketPath: /tmp/fire_emu_37200.sock"}}
[debug] [2020-06-14T15:05:25.704Z] [functions] Runtime ready! Sending request! {"metadata":{"emulator":{"name":"functions"},"message":"[functions] Runtime ready! Sending request!"}}
[debug] [2020-06-14T15:05:25.712Z] [runtime-status] [37200] Ephemeral server handling GET request {"metadata":{"emulator":{"name":"functions"},"function":{"name":"app"},"message":"[runtime-status] [37200] Ephemeral server handling GET request"}}
[debug] [2020-06-14T15:05:25.720Z] [runtime-status] [37200] Ephemeral server survived. {"metadata":{"emulator":{"name":"functions"},"function":{"name":"app"},"message":"[runtime-status] [37200] Ephemeral server survived."}}
[info] i  functions: Finished "app" in ~1s {"metadata":{"emulator":{"name":"functions"},"function":{"name":"app"},"message":"Finished \"app\" in ~1s"}}
[debug] [2020-06-14T15:05:25.723Z] [worker-app-8190b7d1-97fa-42a2-b7a4-10c0beb0f45c]: IDLE {"metadata":{"emulator":{"name":"functions"},"message":"[worker-app-8190b7d1-97fa-42a2-b7a4-10c0beb0f45c]: IDLE"}}
[debug] [2020-06-14T15:05:25.731Z] [work-queue] {"queueLength":0,"workRunningCount":0}
[warn] ⚠  Google API requested!
   - URL: "https://www.googleapis.com/oauth2/v4/token"
   - Be careful, this may be a production service. {"metadata":{"emulator":{"name":"functions"},"function":{"name":"app"},"message":"Google API requested!\n   - URL: \"https://www.googleapis.com/oauth2/v4/token\"\n   - Be careful, this may be a production service."}}
[info] >  { {"user":"{","metadata":{"emulator":{"name":"functions"},"function":{"name":"app"},"message":"\u001b[90m> \u001b[39m {"}}
[info] >    class: 'angigui', {"user":"  class: 'angigui',","metadata":{"emulator":{"name":"functions"},"function":{"name":"app"},"message":"\u001b[90m> \u001b[39m   class: 'angigui',"}}
[info] >    activity: '', {"user":"  activity: '',","metadata":{"emulator":{"name":"functions"},"function":{"name":"app"},"message":"\u001b[90m> \u001b[39m   activity: '',"}}
[info] >    password: 'liplicker1234', {"user":"  password: 'liplicker1234',","metadata":{"emulator":{"name":"functions"},"function":{"name":"app"},"message":"\u001b[90m> \u001b[39m   password: 'liplicker1234',"}}
[info] >    school: 'surguuligui', {"user":"  school: 'surguuligui',","metadata":{"emulator":{"name":"functions"},"function":{"name":"app"},"message":"\u001b[90m> \u001b[39m   school: 'surguuligui',"}}
[info] >    birth: '2003 4 5', {"user":"  birth: '2003 4 5',","metadata":{"emulator":{"name":"functions"},"function":{"name":"app"},"message":"\u001b[90m> \u001b[39m   birth: '2003 4 5',"}}
[info] >    name: 'javkhaa', {"user":"  name: 'javkhaa',","metadata":{"emulator":{"name":"functions"},"function":{"name":"app"},"message":"\u001b[90m> \u001b[39m   name: 'javkhaa',"}}
[info] >    email: 'liplicker0423@gmail.com', {"user":"  email: 'liplicker0423@gmail.com',","metadata":{"emulator":{"name":"functions"},"function":{"name":"app"},"message":"\u001b[90m> \u001b[39m   email: 'liplicker0423@gmail.com',"}}
[info] >    owned: [ {} ], {"user":"  owned: [ {} ],","metadata":{"emulator":{"name":"functions"},"function":{"name":"app"},"message":"\u001b[90m> \u001b[39m   owned: [ {} ],"}}
[info] >    phone: 'lol' {"user":"  phone: 'lol'","metadata":{"emulator":{"name":"functions"},"function":{"name":"app"},"message":"\u001b[90m> \u001b[39m   phone: 'lol'"}}
[info] >  } {"user":"}","metadata":{"emulator":{"name":"functions"},"function":{"name":"app"},"message":"\u001b[90m> \u001b[39m }"}}
[info] >  { {"user":"{","metadata":{"emulator":{"name":"functions"},"function":{"name":"app"},"message":"\u001b[90m> \u001b[39m {"}}
[info] >    email: 'n.zolbooyuro@gmail.com', {"user":"  email: 'n.zolbooyuro@gmail.com',","metadata":{"emulator":{"name":"functions"},"function":{"name":"app"},"message":"\u001b[90m> \u001b[39m   email: 'n.zolbooyuro@gmail.com',"}}
[info] >    owned: [ {"user":"  owned: [","metadata":{"emulator":{"name":"functions"},"function":{"name":"app"},"message":"\u001b[90m> \u001b[39m   owned: ["}}
[info] >      { subject: 'reading', general: 'satreasoning' }, {"user":"    { subject: 'reading', general: 'satreasoning' },","metadata":{"emulator":{"name":"functions"},"function":{"name":"app"},"message":"\u001b[90m> \u001b[39m     { subject: 'reading', general: 'satreasoning' },"}}
[info] >      { subject: 'writing', general: 'satreasoning' }, {"user":"    { subject: 'writing', general: 'satreasoning' },","metadata":{"emulator":{"name":"functions"},"function":{"name":"app"},"message":"\u001b[90m> \u001b[39m     { subject: 'writing', general: 'satreasoning' },"}}
[info] >      { subject: 'us', general: 'undergraduate' } {"user":"    { subject: 'us', general: 'undergraduate' }","metadata":{"emulator":{"name":"functions"},"function":{"name":"app"},"message":"\u001b[90m> \u001b[39m     { subject: 'us', general: 'undergraduate' }"}}
[info] >    ], {"user":"  ],","metadata":{"emulator":{"name":"functions"},"function":{"name":"app"},"message":"\u001b[90m> \u001b[39m   ],"}}
[info] >    phone: '96483484', {"user":"  phone: '96483484',","metadata":{"emulator":{"name":"functions"},"function":{"name":"app"},"message":"\u001b[90m> \u001b[39m   phone: '96483484',"}}
[info] >    class: '11', {"user":"  class: '11',","metadata":{"emulator":{"name":"functions"},"function":{"name":"app"},"message":"\u001b[90m> \u001b[39m   class: '11',"}}
[info] >    activity: '', {"user":"  activity: '',","metadata":{"emulator":{"name":"functions"},"function":{"name":"app"},"message":"\u001b[90m> \u001b[39m   activity: '',"}}
[info] >    password: 'soulforger1', {"user":"  password: 'soulforger1',","metadata":{"emulator":{"name":"functions"},"function":{"name":"app"},"message":"\u001b[90m> \u001b[39m   password: 'soulforger1',"}}
[info] >    school: '1', {"user":"  school: '1',","metadata":{"emulator":{"name":"functions"},"function":{"name":"app"},"message":"\u001b[90m> \u001b[39m   school: '1',"}}
[info] >    name: 'zolboo', {"user":"  name: 'zolboo',","metadata":{"emulator":{"name":"functions"},"function":{"name":"app"},"message":"\u001b[90m> \u001b[39m   name: 'zolboo',"}}
[info] >    birth: '2003 2 21' {"user":"  birth: '2003 2 21'","metadata":{"emulator":{"name":"functions"},"function":{"name":"app"},"message":"\u001b[90m> \u001b[39m   birth: '2003 2 21'"}}
[info] >  } {"user":"}","metadata":{"emulator":{"name":"functions"},"function":{"name":"app"},"message":"\u001b[90m> \u001b[39m }"}}
[info] >  { {"user":"{","metadata":{"emulator":{"name":"functions"},"function":{"name":"app"},"message":"\u001b[90m> \u001b[39m {"}}
[info] >    school: '11р сургууль', {"user":"  school: '11р сургууль',","metadata":{"emulator":{"name":"functions"},"function":{"name":"app"},"message":"\u001b[90m> \u001b[39m   school: '11р сургууль',"}}
[info] >    name: 'Батаа', {"user":"  name: 'Батаа',","metadata":{"emulator":{"name":"functions"},"function":{"name":"app"},"message":"\u001b[90m> \u001b[39m   name: 'Батаа',"}}
[info] >    lastName: 'Болдбаатар', {"user":"  lastName: 'Болдбаатар',","metadata":{"emulator":{"name":"functions"},"function":{"name":"app"},"message":"\u001b[90m> \u001b[39m   lastName: 'Болдбаатар',"}}
[info] >    birth: '2003 12 22', {"user":"  birth: '2003 12 22',","metadata":{"emulator":{"name":"functions"},"function":{"name":"app"},"message":"\u001b[90m> \u001b[39m   birth: '2003 12 22',"}}
[info] >    email: 'bataaboldbaatar1@gmail.com', {"user":"  email: 'bataaboldbaatar1@gmail.com',","metadata":{"emulator":{"name":"functions"},"function":{"name":"app"},"message":"\u001b[90m> \u001b[39m   email: 'bataaboldbaatar1@gmail.com',"}}
[info] >    owned: [ '' ], {"user":"  owned: [ '' ],","metadata":{"emulator":{"name":"functions"},"function":{"name":"app"},"message":"\u001b[90m> \u001b[39m   owned: [ '' ],"}}
[info] >    phone: '99871067', {"user":"  phone: '99871067',","metadata":{"emulator":{"name":"functions"},"function":{"name":"app"},"message":"\u001b[90m> \u001b[39m   phone: '99871067',"}}
[info] >    class: '11', {"user":"  class: '11',","metadata":{"emulator":{"name":"functions"},"function":{"name":"app"},"message":"\u001b[90m> \u001b[39m   class: '11',"}}
[info] >    activity: '', {"user":"  activity: '',","metadata":{"emulator":{"name":"functions"},"function":{"name":"app"},"message":"\u001b[90m> \u001b[39m   activity: '',"}}
[info] >    password: 'Jennie0116' {"user":"  password: 'Jennie0116'","metadata":{"emulator":{"name":"functions"},"function":{"name":"app"},"message":"\u001b[90m> \u001b[39m   password: 'Jennie0116'"}}
[info] >  } {"user":"}","metadata":{"emulator":{"name":"functions"},"function":{"name":"app"},"message":"\u001b[90m> \u001b[39m }"}}
